{"D:\\ElemntList\\elemList\\src\\App.tsx": {"path":"D:\\ElemntList\\elemList\\src\\App.tsx","statementMap":{"0":{"start":{"line":6,"column":22},"end":{"line":13,"column":1}},"1":{"start":{"line":7,"column":2},"end":{"line":12,"column":4}}},"fnMap":{"0":{"name":"(anonymous_0)","decl":{"start":{"line":6,"column":22},"end":{"line":6,"column":23}},"loc":{"start":{"line":6,"column":28},"end":{"line":13,"column":1}},"line":6}},"branchMap":{},"s":{"0":2,"1":3},"f":{"0":3},"b":{},"_coverageSchema":"1a1c01bbd47fc00a2c39e90264f33305004495a9","hash":"f531240e2b1e6e358325b32ab2490ea34489d352"}
,"D:\\ElemntList\\elemList\\src\\main.tsx": {"path":"D:\\ElemntList\\elemList\\src\\main.tsx","statementMap":{"0":{"start":{"line":8,"column":0},"end":{"line":12,"column":1}}},"fnMap":{},"branchMap":{},"s":{"0":0},"f":{},"b":{}}
,"D:\\ElemntList\\elemList\\src\\vite-env.d.ts": {"path":"D:\\ElemntList\\elemList\\src\\vite-env.d.ts","statementMap":{},"fnMap":{},"branchMap":{},"s":{},"f":{},"b":{}}
,"D:\\ElemntList\\elemList\\src\\components\\ItemList.tsx": {"path":"D:\\ElemntList\\elemList\\src\\components\\ItemList.tsx","statementMap":{"0":{"start":{"line":6,"column":27},"end":{"line":39,"column":2}},"1":{"start":{"line":7,"column":20},"end":{"line":7,"column":55}},"2":{"start":{"line":9,"column":2},"end":{"line":11,"column":9}},"3":{"start":{"line":10,"column":4},"end":{"line":10,"column":27}},"4":{"start":{"line":13,"column":2},"end":{"line":27,"column":9}},"5":{"start":{"line":14,"column":25},"end":{"line":23,"column":5}},"6":{"start":{"line":15,"column":6},"end":{"line":15,"column":37}},"7":{"start":{"line":15,"column":30},"end":{"line":15,"column":37}},"8":{"start":{"line":17,"column":22},"end":{"line":17,"column":63}},"9":{"start":{"line":18,"column":30},"end":{"line":18,"column":36}},"10":{"start":{"line":20,"column":6},"end":{"line":22,"column":7}},"11":{"start":{"line":21,"column":8},"end":{"line":21,"column":31}},"12":{"start":{"line":25,"column":4},"end":{"line":25,"column":52}},"13":{"start":{"line":26,"column":4},"end":{"line":26,"column":68}},"14":{"start":{"line":26,"column":17},"end":{"line":26,"column":67}},"15":{"start":{"line":29,"column":2},"end":{"line":38,"column":4}},"16":{"start":{"line":32,"column":8},"end":{"line":32,"column":65}}},"fnMap":{"0":{"name":"(anonymous_0)","decl":{"start":{"line":6,"column":36},"end":{"line":6,"column":37}},"loc":{"start":{"line":6,"column":42},"end":{"line":39,"column":1}},"line":6},"1":{"name":"(anonymous_1)","decl":{"start":{"line":9,"column":12},"end":{"line":9,"column":13}},"loc":{"start":{"line":9,"column":18},"end":{"line":11,"column":3}},"line":9},"2":{"name":"(anonymous_2)","decl":{"start":{"line":13,"column":12},"end":{"line":13,"column":13}},"loc":{"start":{"line":13,"column":18},"end":{"line":27,"column":3}},"line":13},"3":{"name":"(anonymous_3)","decl":{"start":{"line":14,"column":25},"end":{"line":14,"column":26}},"loc":{"start":{"line":14,"column":31},"end":{"line":23,"column":5}},"line":14},"4":{"name":"(anonymous_4)","decl":{"start":{"line":26,"column":11},"end":{"line":26,"column":12}},"loc":{"start":{"line":26,"column":17},"end":{"line":26,"column":67}},"line":26},"5":{"name":"(anonymous_5)","decl":{"start":{"line":31,"column":27},"end":{"line":31,"column":28}},"loc":{"start":{"line":32,"column":8},"end":{"line":32,"column":65}},"line":32}},"branchMap":{"0":{"loc":{"start":{"line":15,"column":6},"end":{"line":15,"column":37}},"type":"if","locations":[{"start":{"line":15,"column":6},"end":{"line":15,"column":37}},{"start":{},"end":{}}],"line":15},"1":{"loc":{"start":{"line":20,"column":6},"end":{"line":22,"column":7}},"type":"if","locations":[{"start":{"line":20,"column":6},"end":{"line":22,"column":7}},{"start":{},"end":{}}],"line":20},"2":{"loc":{"start":{"line":20,"column":10},"end":{"line":20,"column":50}},"type":"binary-expr","locations":[{"start":{"line":20,"column":10},"end":{"line":20,"column":28}},{"start":{"line":20,"column":32},"end":{"line":20,"column":50}}],"line":20},"3":{"loc":{"start":{"line":35,"column":9},"end":{"line":35,"column":50}},"type":"binary-expr","locations":[{"start":{"line":35,"column":9},"end":{"line":35,"column":26}},{"start":{"line":35,"column":30},"end":{"line":35,"column":50}}],"line":35}},"s":{"0":3,"1":7,"2":7,"3":5,"4":7,"5":5,"6":1,"7":0,"8":1,"9":1,"10":1,"11":1,"12":5,"13":5,"14":5,"15":7,"16":2},"f":{"0":7,"1":5,"2":5,"3":1,"4":5,"5":2},"b":{"0":[0,1],"1":[1,0],"2":[1,1],"3":[7,3]},"_coverageSchema":"1a1c01bbd47fc00a2c39e90264f33305004495a9","hash":"4b615d4476b43d1ff0a72be52595f70ed0212288"}
,"D:\\ElemntList\\elemList\\src\\components\\RepositoryCard.tsx": {"path":"D:\\ElemntList\\elemList\\src\\components\\RepositoryCard.tsx","statementMap":{"0":{"start":{"line":6,"column":17},"end":{"line":6,"column":27}},"1":{"start":{"line":12,"column":54},"end":{"line":47,"column":1}},"2":{"start":{"line":13,"column":23},"end":{"line":15,"column":3}},"3":{"start":{"line":14,"column":4},"end":{"line":14,"column":29}},"4":{"start":{"line":16,"column":2},"end":{"line":46,"column":4}},"5":{"start":{"line":27,"column":25},"end":{"line":27,"column":52}}},"fnMap":{"0":{"name":"(anonymous_0)","decl":{"start":{"line":12,"column":54},"end":{"line":12,"column":55}},"loc":{"start":{"line":12,"column":74},"end":{"line":47,"column":1}},"line":12},"1":{"name":"(anonymous_1)","decl":{"start":{"line":13,"column":23},"end":{"line":13,"column":24}},"loc":{"start":{"line":13,"column":39},"end":{"line":15,"column":3}},"line":13},"2":{"name":"(anonymous_2)","decl":{"start":{"line":27,"column":19},"end":{"line":27,"column":20}},"loc":{"start":{"line":27,"column":25},"end":{"line":27,"column":52}},"line":27}},"branchMap":{"0":{"loc":{"start":{"line":34,"column":10},"end":{"line":34,"column":58}},"type":"binary-expr","locations":[{"start":{"line":34,"column":10},"end":{"line":34,"column":32}},{"start":{"line":34,"column":36},"end":{"line":34,"column":58}}],"line":34},"1":{"loc":{"start":{"line":36,"column":10},"end":{"line":36,"column":44}},"type":"binary-expr","locations":[{"start":{"line":36,"column":10},"end":{"line":36,"column":29}},{"start":{"line":36,"column":33},"end":{"line":36,"column":44}}],"line":36}},"s":{"0":4,"1":4,"2":4,"3":1,"4":4,"5":1},"f":{"0":4,"1":1,"2":1},"b":{"0":[4,0],"1":[4,0]},"_coverageSchema":"1a1c01bbd47fc00a2c39e90264f33305004495a9","hash":"807b189f6734acb0fc677554aaab05637d5a7a30"}
,"D:\\ElemntList\\elemList\\src\\store\\ItemStore.ts": {"path":"D:\\ElemntList\\elemList\\src\\store\\ItemStore.ts","statementMap":{"0":{"start":{"line":8,"column":18},"end":{"line":8,"column":20}},"1":{"start":{"line":9,"column":9},"end":{"line":9,"column":10}},"2":{"start":{"line":10,"column":12},"end":{"line":10,"column":17}},"3":{"start":{"line":13,"column":4},"end":{"line":13,"column":29}},"4":{"start":{"line":17,"column":4},"end":{"line":17,"column":29}},"5":{"start":{"line":17,"column":22},"end":{"line":17,"column":29}},"6":{"start":{"line":18,"column":4},"end":{"line":18,"column":24}},"7":{"start":{"line":19,"column":4},"end":{"line":33,"column":5}},"8":{"start":{"line":20,"column":23},"end":{"line":26,"column":7}},"9":{"start":{"line":27,"column":6},"end":{"line":27,"column":59}},"10":{"start":{"line":28,"column":6},"end":{"line":28,"column":21}},"11":{"start":{"line":30,"column":6},"end":{"line":30,"column":57}},"12":{"start":{"line":32,"column":6},"end":{"line":32,"column":27}},"13":{"start":{"line":37,"column":4},"end":{"line":37,"column":59}},"14":{"start":{"line":37,"column":43},"end":{"line":37,"column":57}}},"fnMap":{"0":{"name":"(anonymous_0)","decl":{"start":{"line":12,"column":2},"end":{"line":12,"column":3}},"loc":{"start":{"line":12,"column":16},"end":{"line":14,"column":3}},"line":12},"1":{"name":"(anonymous_1)","decl":{"start":{"line":16,"column":2},"end":{"line":16,"column":3}},"loc":{"start":{"line":16,"column":21},"end":{"line":34,"column":3}},"line":16},"2":{"name":"(anonymous_2)","decl":{"start":{"line":36,"column":2},"end":{"line":36,"column":3}},"loc":{"start":{"line":36,"column":25},"end":{"line":38,"column":3}},"line":36},"3":{"name":"(anonymous_3)","decl":{"start":{"line":37,"column":35},"end":{"line":37,"column":36}},"loc":{"start":{"line":37,"column":43},"end":{"line":37,"column":57}},"line":37}},"branchMap":{"0":{"loc":{"start":{"line":17,"column":4},"end":{"line":17,"column":29}},"type":"if","locations":[{"start":{"line":17,"column":4},"end":{"line":17,"column":29}},{"start":{},"end":{}}],"line":17}},"s":{"0":5,"1":5,"2":5,"3":5,"4":4,"5":1,"6":3,"7":3,"8":3,"9":1,"10":1,"11":0,"12":1,"13":1,"14":1},"f":{"0":5,"1":4,"2":1,"3":1},"b":{"0":[1,3]},"_coverageSchema":"1a1c01bbd47fc00a2c39e90264f33305004495a9","hash":"2e88d90dc3a0367bb0dd79403be7e4961c0a45ac"}
,"D:\\ElemntList\\elemList\\src\\store\\item.ts": {"path":"D:\\ElemntList\\elemList\\src\\store\\item.ts","statementMap":{},"fnMap":{},"branchMap":{},"s":{},"f":{},"b":{}}
}
