TN:
SF:src\App.tsx
FN:6,(anonymous_0)
FNF:1
FNH:1
FNDA:3,(anonymous_0)
DA:6,2
DA:7,3
LF:2
LH:2
BRF:0
BRH:0
end_of_record
TN:
SF:src\main.tsx
FNF:0
FNH:0
DA:8,0
LF:1
LH:0
BRF:0
BRH:0
end_of_record
TN:
SF:src\vite-env.d.ts
FNF:0
FNH:0
LF:0
LH:0
BRF:0
BRH:0
end_of_record
TN:
SF:src\components\ItemList.tsx
FN:6,(anonymous_0)
FN:9,(anonymous_1)
FN:13,(anonymous_2)
FN:14,(anonymous_3)
FN:26,(anonymous_4)
FN:31,(anonymous_5)
FNF:6
FNH:6
FNDA:7,(anonymous_0)
FNDA:5,(anonymous_1)
FNDA:5,(anonymous_2)
FNDA:1,(anonymous_3)
FNDA:5,(anonymous_4)
FNDA:2,(anonymous_5)
DA:6,3
DA:7,7
DA:9,7
DA:10,5
DA:13,7
DA:14,5
DA:15,1
DA:17,1
DA:18,1
DA:20,1
DA:21,1
DA:25,5
DA:26,5
DA:29,7
DA:32,2
LF:15
LH:15
BRDA:15,0,0,0
BRDA:15,0,1,1
BRDA:20,1,0,1
BRDA:20,1,1,0
BRDA:20,2,0,1
BRDA:20,2,1,1
BRDA:35,3,0,7
BRDA:35,3,1,3
BRF:8
BRH:6
end_of_record
TN:
SF:src\components\RepositoryCard.tsx
FN:12,(anonymous_0)
FN:13,(anonymous_1)
FN:27,(anonymous_2)
FNF:3
FNH:3
FNDA:4,(anonymous_0)
FNDA:1,(anonymous_1)
FNDA:1,(anonymous_2)
DA:6,4
DA:12,4
DA:13,4
DA:14,1
DA:16,4
DA:27,1
LF:6
LH:6
BRDA:34,0,0,4
BRDA:34,0,1,0
BRDA:36,1,0,4
BRDA:36,1,1,0
BRF:4
BRH:2
end_of_record
TN:
SF:src\store\ItemStore.ts
FN:12,(anonymous_0)
FN:16,(anonymous_1)
FN:36,(anonymous_2)
FN:37,(anonymous_3)
FNF:4
FNH:4
FNDA:5,(anonymous_0)
FNDA:4,(anonymous_1)
FNDA:1,(anonymous_2)
FNDA:1,(anonymous_3)
DA:8,5
DA:9,5
DA:10,5
DA:13,5
DA:17,4
DA:18,3
DA:19,3
DA:20,3
DA:27,1
DA:28,1
DA:30,0
DA:32,1
DA:37,1
LF:13
LH:12
BRDA:17,0,0,1
BRDA:17,0,1,3
BRF:2
BRH:2
end_of_record
TN:
SF:src\store\item.ts
FNF:0
FNH:0
LF:0
LH:0
BRF:0
BRH:0
end_of_record
